<?xml version="1.0" encoding="UTF-8"?>
<testsuite name="TestSuite" time="40.776" tests="5" errors="0" skipped="0" failures="0">
  <properties>
[...]
</properties>
  <testcase name="testcase01" classname="backbase.Blog.TestScenario01" time="14.255"/>
  <testcase name="testcase02" classname="backbase.Blog.TestScenario01" time="1.093"/>
  <testcase name="testcase03" classname="backbase.Blog.TestScenario01" time="13.512"/>
  <testcase name="testcase04" classname="backbase.Blog.TestScenario01" time="6.228"/>
  <testcase name="testcase05" classname="backbase.Blog.TestScenario01" time="5.688"/>
</testsuite>