<?xml version="1.0" encoding="UTF-8"?>
<testng-results skipped="0" failed="0" ignored="0" total="2" passed="2">
  <reporter-output>
  </reporter-output>
  <suite name="Default suite" duration-ms="28941" started-at="2021-07-04T07:16:14Z" finished-at="2021-07-04T07:16:43Z">
    <groups>
    </groups>
    <test name="Default test" duration-ms="28941" started-at="2021-07-04T07:16:14Z" finished-at="2021-07-04T07:16:43Z">
      <class name="backbase.Blog.TestScenario01">
        <test-method status="PASS" signature="basetest()[pri:0, instance:backbase.Blog.TestScenario01@7ce3cb8e]" name="basetest" is-config="true" duration-ms="26418" started-at="2021-07-04T12:46:14Z" finished-at="2021-07-04T12:46:40Z">
          <reporter-output>
          </reporter-output>
        </test-method> <!-- basetest -->
        <test-method status="PASS" signature="testcase01()[pri:0, instance:backbase.Blog.TestScenario01@7ce3cb8e]" name="testcase01" duration-ms="1145" started-at="2021-07-04T12:46:40Z" description="This testcase is validating signup Functionality" finished-at="2021-07-04T12:46:42Z">
          <reporter-output>
          </reporter-output>
        </test-method> <!-- testcase01 -->
        <test-method status="PASS" signature="testcase02()[pri:0, instance:backbase.Blog.TestScenario01@7ce3cb8e]" name="testcase02" duration-ms="2" started-at="2021-07-04T12:46:42Z" description="Validation of newPost" finished-at="2021-07-04T12:46:42Z">
          <reporter-output>
          </reporter-output>
        </test-method> <!-- testcase02 -->
        <test-method status="PASS" signature="sessionlogout()[pri:0, instance:backbase.Blog.TestScenario01@7ce3cb8e]" name="sessionlogout" is-config="true" duration-ms="1299" started-at="2021-07-04T12:46:42Z" description="Logout Successfully" finished-at="2021-07-04T12:46:43Z">
          <reporter-output>
          </reporter-output>
        </test-method> <!-- sessionlogout -->
      </class> <!-- backbase.Blog.TestScenario01 -->
    </test> <!-- Default test -->
  </suite> <!-- Default suite -->
</testng-results>
