<?xml version="1.0" encoding="UTF-8"?>
<!-- Generated by org.testng.reporters.JUnitXMLReporter -->
<testsuite ignored="0" hostname="DESKTOP-LVKB36S" failures="0" tests="5" name="About This" time="56.977" errors="0" timestamp="02 May 2021 20:59:58 GMT">
  <testcase classname="backbase.Blog.TestScenario01" name="testcase01" time="13.325"/>
  <testcase classname="backbase.Blog.TestScenario01" name="testcase02" time="0.773"/>
  <testcase classname="backbase.Blog.TestScenario01" name="testcase03" time="13.326"/>
  <testcase classname="backbase.Blog.TestScenario01" name="testcase04" time="5.251"/>
  <testcase classname="backbase.Blog.TestScenario01" name="testcase05" time="5.431"/>
</testsuite> <!-- About This -->
